Command line:
   gen_funciones_tb_isim_par.exe
     -simmode  gui
     -sdfmax  /uut/=netgen/par/gen_funciones_timesim.sdf
     -sdfroot  /uut
     -simrunnum  0
     -socket  59554

Tue Dec 16 21:04:38 2014


 Elaboration Time: 0.405602 sec

 Current Memory Usage: 699.818 Meg

 Total Signals          : 5999
 Total Nets             : 6143
 Total Signal Drivers   : 3884
 Total Blocks           : 1466
 Total Primitive Blocks : 939
 Total Processes        : 3790
 Total Traceable Variables  : 8481
 Total Scalar Nets and Variables : 58685

 Total Simulation Time: 247.527 sec

 Current Memory Usage: 699.818 Meg

Tue Dec 16 21:08:54 2014

